<?xml version="1.0" encoding="UTF-8"?>
<testsuite xmlns:xsi="http://www.w3.org/2001/XMLSchema-instance" xsi:noNamespaceSchemaLocation="https://maven.apache.org/surefire/maven-surefire-plugin/xsd/surefire-test-report-3.0.xsd" version="3.0" name="practice_16_2_practice_WritingTests.IsPalindromeTest" time="0.008" tests="6" errors="0" skipped="0" failures="0">
  <properties>
[...]
</properties>
  <testcase name="userCanCheckIfValidStringIsPalindrome(String)[1]" classname="practice_16_2_practice_WritingTests.IsPalindromeTest" time="0.001"/>
  <testcase name="userCanCheckIfValidStringIsPalindrome(String)[2]" classname="practice_16_2_practice_WritingTests.IsPalindromeTest" time="0.0"/>
  <testcase name="userCanCheckIfValidStringIsPalindrome(String)[3]" classname="practice_16_2_practice_WritingTests.IsPalindromeTest" time="0.001"/>
  <testcase name="userCanCheckIfValidStringIsPalindrome(String)[4]" classname="practice_16_2_practice_WritingTests.IsPalindromeTest" time="0.0"/>
  <testcase name="userCanCheckIfValidStringIsNotPalindrome" classname="practice_16_2_practice_WritingTests.IsPalindromeTest" time="0.0"/>
  <testcase name="userCannotCheckIfNullStringIsPalindrome" classname="practice_16_2_practice_WritingTests.IsPalindromeTest" time="0.001"/>
</testsuite>